<?xml version="1.0" encoding="UTF-8"?>
<!-- Generated by org.testng.reporters.JUnitXMLReporter -->
<testsuite ignored="0" hostname="INPC1H2BTV" failures="0" tests="3" name="Default test" time="41.531" errors="0" timestamp="2021-05-02T23:41:30 IST">
  <testcase classname="com.qa.crm.testCases.HomePageTest" name="HomePageTitleTest" time="0.02"/>
  <testcase classname="com.qa.crm.testCases.HomePageTest" name="crmUserNameTest" time="0.075"/>
  <testcase classname="com.qa.crm.testCases.HomePageTest" name="VerifyContactLinkTest" time="1.334"/>
</testsuite> <!-- Default test -->
