<?xml version="1.0" encoding="UTF-8"?>
<!-- Generated by org.testng.reporters.JUnitXMLReporter -->
<testsuite ignored="0" hostname="LAPTOP-6F5CJ392" failures="0" tests="3" name="Default test" time="59.81" errors="0" timestamp="2021-05-05T22:49:30 IST">
  <testcase classname="com.qa.crm.testCases.ContactsPageTest" name="ValidateCreateNewContact" time="4.006"/>
  <testcase classname="com.qa.crm.testCases.ContactsPageTest" name="ValidateCreateNewContact" time="3.26"/>
  <testcase classname="com.qa.crm.testCases.ContactsPageTest" name="ValidateCreateNewContact" time="3.34"/>
</testsuite> <!-- Default test -->
