<?xml version="1.0" encoding="UTF-8"?>
<testng-results skipped="0" failed="0" ignored="0" total="6" passed="6">
  <reporter-output>
  </reporter-output>
  <suite name="Free CRM Application Test Suite" duration-ms="77376" started-at="2021-05-05T23:20:19 IST" finished-at="2021-05-05T23:21:36 IST">
    <groups>
    </groups>
    <test name="Free CRM Application Test Cases" duration-ms="77376" started-at="2021-05-05T23:20:19 IST" finished-at="2021-05-05T23:21:36 IST">
      <class name="com.qa.crm.testCases.HomePageTest">
        <test-method status="PASS" signature="Setup()[pri:0, instance:com.qa.crm.testCases.HomePageTest@3578436e]" name="Setup" is-config="true" duration-ms="13187" started-at="2021-05-05T23:20:50 IST" finished-at="2021-05-05T23:21:03 IST">
          <reporter-output>
          </reporter-output>
        </test-method> <!-- Setup -->
        <test-method status="PASS" signature="HomePageTitleTest()[pri:1, instance:com.qa.crm.testCases.HomePageTest@3578436e]" name="HomePageTitleTest" duration-ms="13" started-at="2021-05-05T23:21:03 IST" finished-at="2021-05-05T23:21:03 IST">
          <reporter-output>
          </reporter-output>
        </test-method> <!-- HomePageTitleTest -->
        <test-method status="PASS" signature="TearDown()[pri:0, instance:com.qa.crm.testCases.HomePageTest@3578436e]" name="TearDown" is-config="true" duration-ms="742" started-at="2021-05-05T23:21:03 IST" finished-at="2021-05-05T23:21:04 IST">
          <reporter-output>
          </reporter-output>
        </test-method> <!-- TearDown -->
        <test-method status="PASS" signature="Setup()[pri:0, instance:com.qa.crm.testCases.HomePageTest@3578436e]" name="Setup" is-config="true" duration-ms="14120" started-at="2021-05-05T23:21:04 IST" finished-at="2021-05-05T23:21:18 IST">
          <reporter-output>
          </reporter-output>
        </test-method> <!-- Setup -->
        <test-method status="PASS" signature="crmUserNameTest()[pri:2, instance:com.qa.crm.testCases.HomePageTest@3578436e]" name="crmUserNameTest" duration-ms="159" started-at="2021-05-05T23:21:18 IST" finished-at="2021-05-05T23:21:18 IST">
          <reporter-output>
          </reporter-output>
        </test-method> <!-- crmUserNameTest -->
        <test-method status="PASS" signature="TearDown()[pri:0, instance:com.qa.crm.testCases.HomePageTest@3578436e]" name="TearDown" is-config="true" duration-ms="724" started-at="2021-05-05T23:21:18 IST" finished-at="2021-05-05T23:21:19 IST">
          <reporter-output>
          </reporter-output>
        </test-method> <!-- TearDown -->
        <test-method status="PASS" signature="Setup()[pri:0, instance:com.qa.crm.testCases.HomePageTest@3578436e]" name="Setup" is-config="true" duration-ms="14987" started-at="2021-05-05T23:21:19 IST" finished-at="2021-05-05T23:21:34 IST">
          <reporter-output>
          </reporter-output>
        </test-method> <!-- Setup -->
        <test-method status="PASS" signature="VerifyContactLinkTest()[pri:3, instance:com.qa.crm.testCases.HomePageTest@3578436e]" name="VerifyContactLinkTest" duration-ms="1704" started-at="2021-05-05T23:21:34 IST" finished-at="2021-05-05T23:21:35 IST">
          <reporter-output>
          </reporter-output>
        </test-method> <!-- VerifyContactLinkTest -->
        <test-method status="PASS" signature="TearDown()[pri:0, instance:com.qa.crm.testCases.HomePageTest@3578436e]" name="TearDown" is-config="true" duration-ms="732" started-at="2021-05-05T23:21:35 IST" finished-at="2021-05-05T23:21:36 IST">
          <reporter-output>
          </reporter-output>
        </test-method> <!-- TearDown -->
      </class> <!-- com.qa.crm.testCases.HomePageTest -->
      <class name="com.qa.crm.testCases.LoginPageTest">
        <test-method status="PASS" signature="Setup()[pri:0, instance:com.qa.crm.testCases.LoginPageTest@33723e30]" name="Setup" is-config="true" duration-ms="7893" started-at="2021-05-05T23:20:19 IST" finished-at="2021-05-05T23:20:27 IST">
          <reporter-output>
          </reporter-output>
        </test-method> <!-- Setup -->
        <test-method status="PASS" signature="loginPageTitleTest()[pri:1, instance:com.qa.crm.testCases.LoginPageTest@33723e30]" name="loginPageTitleTest" duration-ms="26" started-at="2021-05-05T23:20:27 IST" finished-at="2021-05-05T23:20:27 IST">
          <reporter-output>
          </reporter-output>
        </test-method> <!-- loginPageTitleTest -->
        <test-method status="PASS" signature="TearDown()[pri:0, instance:com.qa.crm.testCases.LoginPageTest@33723e30]" name="TearDown" is-config="true" duration-ms="708" started-at="2021-05-05T23:20:27 IST" finished-at="2021-05-05T23:20:28 IST">
          <reporter-output>
          </reporter-output>
        </test-method> <!-- TearDown -->
        <test-method status="PASS" signature="Setup()[pri:0, instance:com.qa.crm.testCases.LoginPageTest@33723e30]" name="Setup" is-config="true" duration-ms="6690" started-at="2021-05-05T23:20:28 IST" finished-at="2021-05-05T23:20:34 IST">
          <reporter-output>
          </reporter-output>
        </test-method> <!-- Setup -->
        <test-method status="PASS" signature="crmLogoImageTest()[pri:2, instance:com.qa.crm.testCases.LoginPageTest@33723e30]" name="crmLogoImageTest" duration-ms="147" started-at="2021-05-05T23:20:34 IST" finished-at="2021-05-05T23:20:34 IST">
          <reporter-output>
          </reporter-output>
        </test-method> <!-- crmLogoImageTest -->
        <test-method status="PASS" signature="TearDown()[pri:0, instance:com.qa.crm.testCases.LoginPageTest@33723e30]" name="TearDown" is-config="true" duration-ms="758" started-at="2021-05-05T23:20:34 IST" finished-at="2021-05-05T23:20:35 IST">
          <reporter-output>
          </reporter-output>
        </test-method> <!-- TearDown -->
        <test-method status="PASS" signature="Setup()[pri:0, instance:com.qa.crm.testCases.LoginPageTest@33723e30]" name="Setup" is-config="true" duration-ms="6705" started-at="2021-05-05T23:20:35 IST" finished-at="2021-05-05T23:20:42 IST">
          <reporter-output>
          </reporter-output>
        </test-method> <!-- Setup -->
        <test-method status="PASS" signature="validateLogin()[pri:3, instance:com.qa.crm.testCases.LoginPageTest@33723e30]" name="validateLogin" duration-ms="7268" started-at="2021-05-05T23:20:42 IST" finished-at="2021-05-05T23:20:49 IST">
          <reporter-output>
          </reporter-output>
        </test-method> <!-- validateLogin -->
        <test-method status="PASS" signature="TearDown()[pri:0, instance:com.qa.crm.testCases.LoginPageTest@33723e30]" name="TearDown" is-config="true" duration-ms="717" started-at="2021-05-05T23:20:49 IST" finished-at="2021-05-05T23:20:50 IST">
          <reporter-output>
          </reporter-output>
        </test-method> <!-- TearDown -->
      </class> <!-- com.qa.crm.testCases.LoginPageTest -->
    </test> <!-- Free CRM Application Test Cases -->
  </suite> <!-- Free CRM Application Test Suite -->
</testng-results>
