<?xml version="1.0" encoding="UTF-8"?>
<!-- Generated by org.testng.reporters.JUnitXMLReporter -->
<testsuite hostname="LAPTOP-6F5CJ392" ignored="0" name="Free CRM Application Test Cases" tests="6" failures="0" timestamp="2021-05-05T23:21:36 IST" time="77.376" errors="0">
  <testcase name="loginPageTitleTest" time="0.026" classname="com.qa.crm.testCases.LoginPageTest"/>
  <testcase name="crmLogoImageTest" time="0.147" classname="com.qa.crm.testCases.LoginPageTest"/>
  <testcase name="validateLogin" time="7.268" classname="com.qa.crm.testCases.LoginPageTest"/>
  <testcase name="HomePageTitleTest" time="0.013" classname="com.qa.crm.testCases.HomePageTest"/>
  <testcase name="crmUserNameTest" time="0.159" classname="com.qa.crm.testCases.HomePageTest"/>
  <testcase name="VerifyContactLinkTest" time="1.704" classname="com.qa.crm.testCases.HomePageTest"/>
</testsuite> <!-- Free CRM Application Test Cases -->
