<?xml version="1.0" encoding="UTF-8"?>
<!-- Generated by org.testng.reporters.JUnitXMLReporter -->
<testsuite ignored="0" hostname="LAPTOP-6F5CJ392" failures="0" tests="6" name="Free CRM Application Test Cases" time="82.527" errors="0" timestamp="2021-05-05T00:02:19 IST">
  <testcase classname="com.qa.crm.testCases.LoginPageTest" name="loginPageTitleTest" time="0.03"/>
  <testcase classname="com.qa.crm.testCases.LoginPageTest" name="crmLogoImageTest" time="0.082"/>
  <testcase classname="com.qa.crm.testCases.LoginPageTest" name="validateLogin" time="7.134"/>
  <testcase classname="com.qa.crm.testCases.HomePageTest" name="HomePageTitleTest" time="0.013"/>
  <testcase classname="com.qa.crm.testCases.HomePageTest" name="crmUserNameTest" time="0.106"/>
  <testcase classname="com.qa.crm.testCases.HomePageTest" name="VerifyContactLinkTest" time="1.411"/>
</testsuite> <!-- Free CRM Application Test Cases -->
